c:\users\苏可欣\desktop\lab-08\debug\ege.bsc
c:\users\苏可欣\desktop\lab-08\debug\vc140.pdb
c:\users\苏可欣\desktop\lab-08\debug\vc140.idb
c:\users\苏可欣\desktop\lab-08\debug\drawcir.sbr
c:\users\苏可欣\desktop\lab-08\debug\readfile.sbr
c:\users\苏可欣\desktop\lab-08\debug\poly.sbr
c:\users\苏可欣\desktop\lab-08\debug\menu.sbr
c:\users\苏可欣\desktop\lab-08\debug\lab8.sbr
c:\users\苏可欣\desktop\lab-08\debug\drawrec.sbr
c:\users\苏可欣\desktop\lab-08\debug\drawchoice.sbr
c:\users\苏可欣\desktop\lab-08\debug\drawchoice.obj
c:\users\苏可欣\desktop\lab-08\debug\drawrec.obj
c:\users\苏可欣\desktop\lab-08\debug\menu.obj
c:\users\苏可欣\desktop\lab-08\debug\poly.obj
c:\users\苏可欣\desktop\lab-08\debug\readfile.obj
c:\users\苏可欣\desktop\lab-08\debug\drawcir.obj
c:\users\苏可欣\desktop\lab-08\debug\lab8.obj
c:\users\苏可欣\desktop\lab-08\debug\paintset.sbr
c:\users\苏可欣\desktop\lab-08\debug\draw.sbr
c:\users\苏可欣\desktop\lab-08\debug\draw.obj
c:\users\苏可欣\desktop\lab-08\debug\paintset.obj
c:\users\苏可欣\desktop\lab-08\debug\set.sbr
c:\users\苏可欣\desktop\lab-08\debug\set.obj
c:\users\苏可欣\desktop\lab-08\debug\ege.ilk
c:\users\苏可欣\desktop\lab-08\debug\ege.exe
c:\users\苏可欣\desktop\lab-08\debug\ege.pdb
c:\users\苏可欣\desktop\lab-08\debug\ege.tlog\bscmake.command.1.tlog
c:\users\苏可欣\desktop\lab-08\debug\ege.tlog\bscmake.read.1.tlog
c:\users\苏可欣\desktop\lab-08\debug\ege.tlog\bscmake.write.1.tlog
c:\users\苏可欣\desktop\lab-08\debug\ege.tlog\cl.command.1.tlog
c:\users\苏可欣\desktop\lab-08\debug\ege.tlog\cl.read.1.tlog
c:\users\苏可欣\desktop\lab-08\debug\ege.tlog\cl.write.1.tlog
c:\users\苏可欣\desktop\lab-08\debug\ege.tlog\link.command.1.tlog
c:\users\苏可欣\desktop\lab-08\debug\ege.tlog\link.read.1.tlog
c:\users\苏可欣\desktop\lab-08\debug\ege.tlog\link.write.1.tlog
