c:\users\tf\desktop\m\grass and mouse\2016211954-苏可欣-lab04\lab03\debug\lab01.bsc
c:\users\tf\desktop\m\grass and mouse\2016211954-苏可欣-lab04\lab03\debug\vc140.pdb
c:\users\tf\desktop\m\grass and mouse\2016211954-苏可欣-lab04\lab03\debug\vc140.idb
c:\users\tf\desktop\m\grass and mouse\2016211954-苏可欣-lab04\lab03\debug\user.sbr
c:\users\tf\desktop\m\grass and mouse\2016211954-苏可欣-lab04\lab03\debug\res.sbr
c:\users\tf\desktop\m\grass and mouse\2016211954-苏可欣-lab04\lab03\debug\mouse.sbr
c:\users\tf\desktop\m\grass and mouse\2016211954-苏可欣-lab04\lab03\debug\main.sbr
c:\users\tf\desktop\m\grass and mouse\2016211954-苏可欣-lab04\lab03\debug\grass.sbr
c:\users\tf\desktop\m\grass and mouse\2016211954-苏可欣-lab04\lab03\debug\file.sbr
c:\users\tf\desktop\m\grass and mouse\2016211954-苏可欣-lab04\lab03\debug\file.obj
c:\users\tf\desktop\m\grass and mouse\2016211954-苏可欣-lab04\lab03\debug\grass.obj
c:\users\tf\desktop\m\grass and mouse\2016211954-苏可欣-lab04\lab03\debug\main.obj
c:\users\tf\desktop\m\grass and mouse\2016211954-苏可欣-lab04\lab03\debug\mouse.obj
c:\users\tf\desktop\m\grass and mouse\2016211954-苏可欣-lab04\lab03\debug\res.obj
c:\users\tf\desktop\m\grass and mouse\2016211954-苏可欣-lab04\lab03\debug\user.obj
c:\users\tf\desktop\m\grass and mouse\2016211954-苏可欣-lab04\lab03\debug\lab01.ilk
c:\users\tf\desktop\m\grass and mouse\2016211954-苏可欣-lab04\lab03\debug\lab01.exe
c:\users\tf\desktop\m\grass and mouse\2016211954-苏可欣-lab04\lab03\debug\lab01.pdb
c:\users\tf\desktop\m\grass and mouse\2016211954-苏可欣-lab04\lab03\debug\lab01.tlog\bscmake.command.1.tlog
c:\users\tf\desktop\m\grass and mouse\2016211954-苏可欣-lab04\lab03\debug\lab01.tlog\bscmake.read.1.tlog
c:\users\tf\desktop\m\grass and mouse\2016211954-苏可欣-lab04\lab03\debug\lab01.tlog\bscmake.write.1.tlog
c:\users\tf\desktop\m\grass and mouse\2016211954-苏可欣-lab04\lab03\debug\lab01.tlog\cl.command.1.tlog
c:\users\tf\desktop\m\grass and mouse\2016211954-苏可欣-lab04\lab03\debug\lab01.tlog\cl.read.1.tlog
c:\users\tf\desktop\m\grass and mouse\2016211954-苏可欣-lab04\lab03\debug\lab01.tlog\cl.write.1.tlog
c:\users\tf\desktop\m\grass and mouse\2016211954-苏可欣-lab04\lab03\debug\lab01.tlog\link.command.1.tlog
c:\users\tf\desktop\m\grass and mouse\2016211954-苏可欣-lab04\lab03\debug\lab01.tlog\link.read.1.tlog
c:\users\tf\desktop\m\grass and mouse\2016211954-苏可欣-lab04\lab03\debug\lab01.tlog\link.write.1.tlog
